<?xml version="1.0" encoding="utf-8" ?>
<!-- DO NOT EDIT THIS FILE -->

<log version='2.0' source='mc'>
	<!-- Successfully loaded CCRT at address 0x5be90000 - 0x5c225000 -->
	<!-- Successfully loaded MC at address 0x5c2b0000 - 0x5cf2a000 -->
	<!-- Analysis started for c:\users\pavel\source\repos\ips\task_for_lecture5\x64\release\task_for_lecture5.exe, pid = 14960 -->
	<msg id='1' source='mc'>
		<type>EXEC_OF_INTEREST</type>
		<severity>INFO</severity>
		<timestamp>Mon Apr 27 13:19:40 2020</timestamp>
		<arg name='path'>c:\users\pavel\source\repos\ips\task_for_lecture5\x64\release\task_for_lecture5.exe</arg>
		<arg name='pid'>14960</arg>
	</msg>
	<!-- Command line: C:\Program Files (x86)\IntelSWTools\Inspector 2019\bin32\pin -xyzzy -mesgoff console -xyzzy -bridge_save_x87 0 -bridge_save_mxcsr 0 -follow_execv -error_file C:\Users\Pavel\source\repos\IPS\task_for_lecture5\My Inspector Results - task_for_lecture5\r004mi1\data.0\pin_error.log -logfile C:\Users\Pavel\source\repos\IPS\task_for_lecture5\My Inspector Results - task_for_lecture5\r004mi1\data.0\pin.log -xyzzy -region_max_inss 500 -p64 C:\Program Files (x86)\IntelSWTools\Inspector 2019\bin64\pin -t64 C:\Program Files (x86)\IntelSWTools\Inspector 2019\bin64\memchkr.dll -t C:\Program Files (x86)\IntelSWTools\Inspector 2019\bin32\memchkr.dll -no-analyze-stack -no-access-checks -leak-check-on-exit -leak-check-report-reachable -check-resource-leaks -freelist-vol 0 -leak-maximum 100000 -guard-zone-size 0 -stack-depth 8 -heartbeat 1 -mrte-mode auto -working-dir C:\Users\Pavel\source\repos\IPS\task_for_lecture5\My Inspector Results - task_for_lecture5\r004mi1\data.0 -log mc_task_for_lecture5.log -result task_for_lecture5 - C:\Users\Pavel\source\repos\IPS\task_for_lecture5\x64\Release\task_for_lecture5.exe  -->
	<!-- mc's options are the following:  -->
	<!-- -help                              false -->
	<!-- -verbose                           false -->
	<!-- -xyzzy                             false -->
	<!-- -version                           false -->
	<!-- -help-all                          false -->
	<!-- -xyzzy-all                         false -->
	<!-- -report-all-instances              false -->
	<!-- -check-for-padded-structures       true -->
	<!-- -check-for-bitfields               true -->
	<!-- -analyze-stack                     false -->
	<!-- -access-checks                     false -->
	<!-- -track-origins                     true -->
	<!-- -duplicate-uninits                 false -->
	<!-- -bss-initialized                   true -->
	<!-- -align-alloc-size                  false -->
	<!-- -report-uninit-read                false -->
	<!-- -ignore-system-libraries           false -->
	<!-- -gen-suppressions                  false -->
	<!-- -leak-check-on-exit                true -->
	<!-- -leak-check-on-demand              false -->
	<!-- -leak-check-uses-baseline          true -->
	<!-- -enable-memory-growth              false -->
	<!-- -leak-check-report-reachable       true -->
	<!-- -leak-check-full                   true -->
	<!-- -check-resource-leaks              true -->
	<!-- -trace-children                    false -->
	<!-- -enable-poke                       false -->
	<!-- -jit-mode-anyway                   false -->
	<!-- -disable-probe-mode-mismatches-64  true -->
	<!-- -aggressive-callstack-caching      false -->
	<!-- -suppress-breakpoints              false -->
	<!-- -monitor-memory                    false -->
	<!-- -freelist-vol                      0 -->
	<!-- -leak-maximum                      100000 -->
	<!-- -guard-zone-size                   0 -->
	<!-- -stack-depth                       8 -->
	<!-- -heartbeat                         1 -->
	<!-- -breakpoint-file                   (null) -->
	<!-- -config-file                       (null) -->
	<!-- -log                               mc_task_for_lecture5.log -->
	<!-- -ignore-commands                   (null),  -->
	<!-- -ignore-modules                    (null),  -->
	<!-- -ignore-symbols                    (null),  -->
	<!-- -module-of-interest                (null),  -->
	<!-- -executable-of-interest            (null),  -->
	<!-- -working-dir                       C:\Users\Pavel\source\repos\IPS\task_for_lecture5\My Inspector Results - task_for_lecture5\r004mi1\data.0 -->
	<!-- -result                            task_for_lecture5 -->
	<!-- -exclude-module                    (null),  -->
	<!-- -include-module                    (null),  -->
	<!-- -only-exec-commands                (null),  -->
	<!-- -suppressions                      (null),  -->
	<!-- -debug                             none -->
	<!-- -shared-mem-name                   (null) -->
	<!-- -poke-function                     (null),  -->
	<!-- -analysis-mode                     (null) -->
	<!-- -disable-gatekeeping               false -->
	<!-- -ignore-os-allocators              false -->
	<!-- -mrte-mode                         auto -->
	<!-- probe mode: yes -->
	<!-- mem leaks checks: yes -->
	<!-- res leaks checks: yes -->
	<!-- access checks: no -->
	<!-- track origin: no -->
	<!-- Environment: INTEL_LIBITTNOTIFY32=C:\Program Files (x86)\IntelSWTools\Inspector 2019\bin32\runtime\libittnotify.dll -->
	<!-- Environment: INTEL_LIBITTNOTIFY64=C:\Program Files (x86)\IntelSWTools\Inspector 2019\bin64\runtime\libittnotify.dll -->
	<!-- Environment: INTEL_JIT_PROFILER32=C:\Program Files (x86)\IntelSWTools\Inspector 2019\bin32\runtime\libittnotify.dll -->
	<!-- Environment: INTEL_JIT_PROFILER64=C:\Program Files (x86)\IntelSWTools\Inspector 2019\bin64\runtime\libittnotify.dll -->
	<!-- DIAG: 1 -->
	<!-- Module loaded c:\users\pavel\source\repos\ips\task_for_lecture5\x64\release\task_for_lecture5.exe, address range [0x00007ff67d230000-0x00007ff67d240fff] -->
	<msg id='2' source='mc'>
		<type>MODULE_LOAD</type>
		<severity>INFO</severity>
		<timestamp>Mon Apr 27 13:19:40 2020</timestamp>
		<arg name='path'>c:\users\pavel\source\repos\ips\task_for_lecture5\x64\release\task_for_lecture5.exe</arg>
		<arg name='addr1'>0x7ff67d230000</arg>
		<arg name='addr2'>0x7ff67d240fff</arg>
	</msg>
	<!-- Module loaded c:\windows\system32\kernelbase.dll, address range [0x00007ffe78610000-0x00007ffe788b2fff], minimal analysis -->
	<msg id='3' source='mc'>
		<type>MODULE_LOAD_NO_ANALYSIS</type>
		<severity>INFO</severity>
		<timestamp>Mon Apr 27 13:19:40 2020</timestamp>
		<arg name='path'>c:\windows\system32\kernelbase.dll</arg>
		<arg name='addr1'>0x7ffe78610000</arg>
		<arg name='addr2'>0x7ffe788b2fff</arg>
	</msg>
	<!-- entry point not safe for probe insertion in kernel32.dll -->
	<!-- Module loaded c:\windows\system32\kernel32.dll, address range [0x00007ffe7aa10000-0x00007ffe7aac1fff], minimal analysis -->
	<msg id='4' source='mc'>
		<type>MODULE_LOAD_NO_ANALYSIS</type>
		<severity>INFO</severity>
		<timestamp>Mon Apr 27 13:19:40 2020</timestamp>
		<arg name='path'>c:\windows\system32\kernel32.dll</arg>
		<arg name='addr1'>0x7ffe7aa10000</arg>
		<arg name='addr2'>0x7ffe7aac1fff</arg>
	</msg>
	<!-- Module loaded c:\windows\system32\ntdll.dll, address range [0x00007ffe7ac60000-0x00007ffe7ae4ffff], minimal analysis -->
	<msg id='5' source='mc'>
		<type>MODULE_LOAD_NO_ANALYSIS</type>
		<severity>INFO</severity>
		<timestamp>Mon Apr 27 13:19:40 2020</timestamp>
		<arg name='path'>c:\windows\system32\ntdll.dll</arg>
		<arg name='addr1'>0x7ffe7ac60000</arg>
		<arg name='addr2'>0x7ffe7ae4ffff</arg>
	</msg>
	<!-- Module loaded c:\program files (x86)\intelswtools\inspector 2019\bin64\dnclrprofinfo.dll, address range [0x00007ffe50460000-0x00007ffe50488fff] -->
	<msg id='6' source='mc'>
		<type>MODULE_LOAD</type>
		<severity>INFO</severity>
		<timestamp>Mon Apr 27 13:19:40 2020</timestamp>
		<arg name='path'>c:\program files (x86)\intelswtools\inspector 2019\bin64\dnclrprofinfo.dll</arg>
		<arg name='addr1'>0x7ffe50460000</arg>
		<arg name='addr2'>0x7ffe50488fff</arg>
	</msg>
	<!-- Module loaded c:\windows\system32\ucrtbase.dll, address range [0x000002139dc40000-0x000002139dd39fff] -->
	<msg id='7' source='mc'>
		<type>MODULE_LOAD</type>
		<severity>INFO</severity>
		<timestamp>Mon Apr 27 13:19:41 2020</timestamp>
		<arg name='path'>c:\windows\system32\ucrtbase.dll</arg>
		<arg name='addr1'>0x2139dc40000</arg>
		<arg name='addr2'>0x2139dd39fff</arg>
	</msg>
	<!-- Module loaded c:\windows\system32\msvcp140.dll, address range [0x00007ffe4d430000-0x00007ffe4d4c0fff] -->
	<msg id='8' source='mc'>
		<type>MODULE_LOAD</type>
		<severity>INFO</severity>
		<timestamp>Mon Apr 27 13:19:41 2020</timestamp>
		<arg name='path'>c:\windows\system32\msvcp140.dll</arg>
		<arg name='addr1'>0x7ffe4d430000</arg>
		<arg name='addr2'>0x7ffe4d4c0fff</arg>
	</msg>
	<!-- Module loaded c:\program files (x86)\intelswtools\compilers_and_libraries_2019\windows\redist\intel64\compiler\cilkrts20.dll, address range [0x00007ffe43af0000-0x00007ffe43b42fff], minimal analysis -->
	<msg id='9' source='mc'>
		<type>MODULE_LOAD_NO_ANALYSIS</type>
		<severity>INFO</severity>
		<timestamp>Mon Apr 27 13:19:41 2020</timestamp>
		<arg name='path'>c:\program files (x86)\intelswtools\compilers_and_libraries_2019\windows\redist\intel64\compiler\cilkrts20.dll</arg>
		<arg name='addr1'>0x7ffe43af0000</arg>
		<arg name='addr2'>0x7ffe43b42fff</arg>
	</msg>
	<!-- Module loaded c:\windows\system32\user32.dll, address range [0x00007ffe79090000-0x00007ffe79223fff], minimal analysis -->
	<msg id='10' source='mc'>
		<type>MODULE_LOAD_NO_ANALYSIS</type>
		<severity>INFO</severity>
		<timestamp>Mon Apr 27 13:19:41 2020</timestamp>
		<arg name='path'>c:\windows\system32\user32.dll</arg>
		<arg name='addr1'>0x7ffe79090000</arg>
		<arg name='addr2'>0x7ffe79223fff</arg>
	</msg>
	<!-- Module loaded c:\windows\system32\win32u.dll, address range [0x00007ffe78b10000-0x00007ffe78b30fff] -->
	<msg id='11' source='mc'>
		<type>MODULE_LOAD</type>
		<severity>INFO</severity>
		<timestamp>Mon Apr 27 13:19:41 2020</timestamp>
		<arg name='path'>c:\windows\system32\win32u.dll</arg>
		<arg name='addr1'>0x7ffe78b10000</arg>
		<arg name='addr2'>0x7ffe78b30fff</arg>
	</msg>
	<!-- Module loaded c:\windows\system32\gdi32.dll, address range [0x00007ffe7a420000-0x00007ffe7a445fff], minimal analysis -->
	<msg id='12' source='mc'>
		<type>MODULE_LOAD_NO_ANALYSIS</type>
		<severity>INFO</severity>
		<timestamp>Mon Apr 27 13:19:41 2020</timestamp>
		<arg name='path'>c:\windows\system32\gdi32.dll</arg>
		<arg name='addr1'>0x7ffe7a420000</arg>
		<arg name='addr2'>0x7ffe7a445fff</arg>
	</msg>
	<!-- Module loaded c:\windows\system32\gdi32full.dll, address range [0x00007ffe78b40000-0x00007ffe78cd3fff], minimal analysis -->
	<msg id='13' source='mc'>
		<type>MODULE_LOAD_NO_ANALYSIS</type>
		<severity>INFO</severity>
		<timestamp>Mon Apr 27 13:19:41 2020</timestamp>
		<arg name='path'>c:\windows\system32\gdi32full.dll</arg>
		<arg name='addr1'>0x7ffe78b40000</arg>
		<arg name='addr2'>0x7ffe78cd3fff</arg>
	</msg>
	<!-- Module loaded c:\windows\system32\msvcp_win.dll, address range [0x00007ffe78a70000-0x00007ffe78b0dfff] -->
	<msg id='14' source='mc'>
		<type>MODULE_LOAD</type>
		<severity>INFO</severity>
		<timestamp>Mon Apr 27 13:19:41 2020</timestamp>
		<arg name='path'>c:\windows\system32\msvcp_win.dll</arg>
		<arg name='addr1'>0x7ffe78a70000</arg>
		<arg name='addr2'>0x7ffe78b0dfff</arg>
	</msg>
	<!-- Module loaded c:\windows\system32\vcruntime140.dll, address range [0x00007ffe64b50000-0x00007ffe64b68fff] -->
	<msg id='15' source='mc'>
		<type>MODULE_LOAD</type>
		<severity>INFO</severity>
		<timestamp>Mon Apr 27 13:19:41 2020</timestamp>
		<arg name='path'>c:\windows\system32\vcruntime140.dll</arg>
		<arg name='addr1'>0x7ffe64b50000</arg>
		<arg name='addr2'>0x7ffe64b68fff</arg>
	</msg>
	<!-- Module loaded c:\windows\system32\vcruntime140_1.dll, address range [0x00007ffe72180000-0x00007ffe7218bfff] -->
	<msg id='16' source='mc'>
		<type>MODULE_LOAD</type>
		<severity>INFO</severity>
		<timestamp>Mon Apr 27 13:19:41 2020</timestamp>
		<arg name='path'>c:\windows\system32\vcruntime140_1.dll</arg>
		<arg name='addr1'>0x7ffe72180000</arg>
		<arg name='addr2'>0x7ffe7218bfff</arg>
	</msg>
	<!-- Module loaded c:\windows\system32\imm32.dll, address range [0x00007ffe79490000-0x00007ffe794bdfff], minimal analysis -->
	<msg id='17' source='mc'>
		<type>MODULE_LOAD_NO_ANALYSIS</type>
		<severity>INFO</severity>
		<timestamp>Mon Apr 27 13:19:41 2020</timestamp>
		<arg name='path'>c:\windows\system32\imm32.dll</arg>
		<arg name='addr1'>0x7ffe79490000</arg>
		<arg name='addr2'>0x7ffe794bdfff</arg>
	</msg>
	<!-- Module loaded c:\program files (x86)\intelswtools\inspector 2019\bin64\runtime\libittnotify.dll, address range [0x00007ffe4f460000-0x00007ffe4f493fff], minimal analysis -->
	<msg id='18' source='mc'>
		<type>MODULE_LOAD_NO_ANALYSIS</type>
		<severity>INFO</severity>
		<timestamp>Mon Apr 27 13:19:42 2020</timestamp>
		<arg name='path'>c:\program files (x86)\intelswtools\inspector 2019\bin64\runtime\libittnotify.dll</arg>
		<arg name='addr1'>0x7ffe4f460000</arg>
		<arg name='addr2'>0x7ffe4f493fff</arg>
	</msg>
	<!-- DIAG: 2 -->
	<!-- Module loaded c:\windows\system32\kernel.appcore.dll, address range [0x00007ffe77b50000-0x00007ffe77b60fff] -->
	<msg id='19' source='mc'>
		<type>MODULE_LOAD</type>
		<severity>INFO</severity>
		<timestamp>Mon Apr 27 13:19:42 2020</timestamp>
		<arg name='path'>c:\windows\system32\kernel.appcore.dll</arg>
		<arg name='addr1'>0x7ffe77b50000</arg>
		<arg name='addr2'>0x7ffe77b60fff</arg>
	</msg>
	<!-- Module loaded c:\windows\system32\msvcrt.dll, address range [0x00007ffe794d0000-0x00007ffe7956dfff], minimal analysis -->
	<msg id='20' source='mc'>
		<type>MODULE_LOAD_NO_ANALYSIS</type>
		<severity>INFO</severity>
		<timestamp>Mon Apr 27 13:19:42 2020</timestamp>
		<arg name='path'>c:\windows\system32\msvcrt.dll</arg>
		<arg name='addr1'>0x7ffe794d0000</arg>
		<arg name='addr2'>0x7ffe7956dfff</arg>
	</msg>
	<!-- Module loaded c:\windows\system32\rpcrt4.dll, address range [0x000002139abe0000-0x000002139acfffff], minimal analysis -->
	<msg id='21' source='mc'>
		<type>MODULE_LOAD_NO_ANALYSIS</type>
		<severity>INFO</severity>
		<timestamp>Mon Apr 27 13:19:42 2020</timestamp>
		<arg name='path'>c:\windows\system32\rpcrt4.dll</arg>
		<arg name='addr1'>0x2139abe0000</arg>
		<arg name='addr2'>0x2139acfffff</arg>
	</msg>
	<!-- DIAG: 3 -->
	<!-- DIAG: 4 -->
	<!-- DIAG: 5 -->
	<!-- DIAG: 6 -->
	<!-- DIAG: 7 -->
	<!-- DIAG: 8 -->
	<!-- DIAG: 9 -->
	<!-- DIAG: 10 -->
	<!-- DIAG: 11 -->
	<!-- DIAG: 12 -->
	<!-- DIAG: 13 -->
	<!-- DIAG: 14 -->
	<!-- DIAG: 15 -->
	<!-- DIAG: 16 -->
	<!-- DIAG: 17 -->
	<!-- DIAG: 18 -->
	<!-- DIAG: 19 -->
	<!-- DIAG: 20 -->
	<!-- Process c:\users\pavel\source\repos\ips\task_for_lecture5\x64\release\task_for_lecture5.exe exited with code 0. Leak analysis starting - this may take a while. -->
	<msg id='22' source='mc'>
		<type>PROCESS_COMPLETE</type>
		<severity>INFO</severity>
		<timestamp>Mon Apr 27 13:19:42 2020</timestamp>
		<arg name='path'>c:\users\pavel\source\repos\ips\task_for_lecture5\x64\release\task_for_lecture5.exe</arg>
		<arg name='code'>0</arg>
	</msg>
	<!-- DIAG: 21 -->
	<!-- DIAG: 22 -->
	<!-- Analysis completed for c:\users\pavel\source\repos\ips\task_for_lecture5\x64\release\task_for_lecture5.exe -->
	<msg id='23' source='mc'>
		<type>ANALYSIS_COMPLETE</type>
		<severity>INFO</severity>
		<timestamp>Mon Apr 27 13:19:42 2020</timestamp>
		<arg name='path'>c:\users\pavel\source\repos\ips\task_for_lecture5\x64\release\task_for_lecture5.exe</arg>
	</msg>