<?xml version="1.0" encoding="utf-8"?>
<log version="1.0" tool="runtool">

<msg id="1" tool="runtool">
  <type>log-start</type>
  <arg>2020/04/27 13:09:04</arg>
</msg>
<msg id="2" tool="runtool">
  <type>collector-starts</type>
</msg>
<msg id="3" tool="runtool">
  <type>marker-file</type>
  <arg>C:\Users\Pavel\source\repos\IPS\task_for_lecture5\My Inspector Results - task_for_lecture5\r001ti3\r001ti3.inspxe</arg>
</msg>
<msg id="4" tool="tc">
  <type>START</type>
  <severity>INFO</severity>
  <timestamp>Mon Apr 27 13:09:04 2020</timestamp>
</msg>
<msg id="5" tool="tc">
  <type>EXEC_OF_INTEREST</type>
  <arg>c:\users\pavel\source\repos\ips\task_for_lecture5\x64\release\task_for_lecture5.exe</arg>
  <arg>6444</arg>
  <severity>INFO</severity>
  <timestamp>Mon Apr 27 13:09:04 2020</timestamp>
</msg>
<msg id="6" tool="tc">
  <type>LOAD_MODULE</type>
  <arg>c:\users\pavel\source\repos\ips\task_for_lecture5\x64\release\task_for_lecture5.exe</arg>
  <arg>0x7ff7776e0000</arg>
  <arg>0x7ff7776f0fff</arg>
  <severity>INFO</severity>
  <timestamp>Mon Apr 27 13:09:04 2020</timestamp>
</msg>
<msg id="7" tool="tc">
  <type>LOAD_MODULE</type>
  <arg>c:\windows\system32\kernelbase.dll</arg>
  <arg>0x7ffe78610000</arg>
  <arg>0x7ffe788b2fff</arg>
  <severity>INFO</severity>
  <timestamp>Mon Apr 27 13:09:05 2020</timestamp>
</msg>
<msg id="8" tool="tc">
  <type>LOAD_MODULE</type>
  <arg>c:\windows\system32\kernel32.dll</arg>
  <arg>0x7ffe7aa10000</arg>
  <arg>0x7ffe7aac1fff</arg>
  <severity>INFO</severity>
  <timestamp>Mon Apr 27 13:09:05 2020</timestamp>
</msg>
<msg id="9" tool="tc">
  <type>LOAD_MODULE</type>
  <arg>c:\windows\system32\ntdll.dll</arg>
  <arg>0x7ffe7ac60000</arg>
  <arg>0x7ffe7ae4ffff</arg>
  <severity>INFO</severity>
  <timestamp>Mon Apr 27 13:09:05 2020</timestamp>
</msg>
<msg id="10" tool="tc">
  <type>LOAD_MODULE</type>
  <arg>c:\windows\system32\ucrtbase.dll</arg>
  <arg>0x7ffe788c0000</arg>
  <arg>0x7ffe789b9fff</arg>
  <severity>INFO</severity>
  <timestamp>Mon Apr 27 13:09:05 2020</timestamp>
</msg>
<msg id="11" tool="tc">
  <type>LOAD_MODULE</type>
  <arg>c:\windows\system32\msvcp140.dll</arg>
  <arg>0x7ffe4d430000</arg>
  <arg>0x7ffe4d4c0fff</arg>
  <severity>INFO</severity>
  <timestamp>Mon Apr 27 13:09:05 2020</timestamp>
</msg>
<msg id="12" tool="tc">
  <type>LOAD_MODULE</type>
  <arg>c:\windows\system32\vcruntime140.dll</arg>
  <arg>0x7ffe64b50000</arg>
  <arg>0x7ffe64b68fff</arg>
  <severity>INFO</severity>
  <timestamp>Mon Apr 27 13:09:06 2020</timestamp>
</msg>
<msg id="13" tool="tc">
  <type>LOAD_MODULE</type>
  <arg>c:\program files (x86)\intelswtools\compilers_and_libraries_2019\windows\redist\intel64\compiler\cilkrts20.dll</arg>
  <arg>0x7ffe4df40000</arg>
  <arg>0x7ffe4df92fff</arg>
  <severity>INFO</severity>
  <timestamp>Mon Apr 27 13:09:06 2020</timestamp>
</msg>
<msg id="14" tool="tc">
  <type>LOAD_MODULE</type>
  <arg>c:\windows\system32\vcruntime140_1.dll</arg>
  <arg>0x7ffe72180000</arg>
  <arg>0x7ffe7218bfff</arg>
  <severity>INFO</severity>
  <timestamp>Mon Apr 27 13:09:06 2020</timestamp>
</msg>
<msg id="15" tool="tc">
  <type>LOAD_MODULE</type>
  <arg>c:\windows\system32\user32.dll</arg>
  <arg>0x7ffe79090000</arg>
  <arg>0x7ffe79223fff</arg>
  <severity>INFO</severity>
  <timestamp>Mon Apr 27 13:09:06 2020</timestamp>
</msg>
<msg id="16" tool="tc">
  <type>LOAD_MODULE</type>
  <arg>c:\windows\system32\win32u.dll</arg>
  <arg>0x7ffe78b10000</arg>
  <arg>0x7ffe78b30fff</arg>
  <severity>INFO</severity>
  <timestamp>Mon Apr 27 13:09:06 2020</timestamp>
</msg>
<msg id="17" tool="tc">
  <type>LOAD_MODULE</type>
  <arg>c:\windows\system32\gdi32.dll</arg>
  <arg>0x7ffe7a420000</arg>
  <arg>0x7ffe7a445fff</arg>
  <severity>INFO</severity>
  <timestamp>Mon Apr 27 13:09:06 2020</timestamp>
</msg>
<msg id="18" tool="tc">
  <type>LOAD_MODULE</type>
  <arg>c:\windows\system32\gdi32full.dll</arg>
  <arg>0x7ffe78b40000</arg>
  <arg>0x7ffe78cd3fff</arg>
  <severity>INFO</severity>
  <timestamp>Mon Apr 27 13:09:06 2020</timestamp>
</msg>
<msg id="19" tool="tc">
  <type>LOAD_MODULE</type>
  <arg>c:\windows\system32\msvcp_win.dll</arg>
  <arg>0x7ffe78a70000</arg>
  <arg>0x7ffe78b0dfff</arg>
  <severity>INFO</severity>
  <timestamp>Mon Apr 27 13:09:06 2020</timestamp>
</msg>
<msg id="20" tool="tc">
  <type>LOAD_MODULE</type>
  <arg>c:\windows\system32\imm32.dll</arg>
  <arg>0x7ffe79490000</arg>
  <arg>0x7ffe794bdfff</arg>
  <severity>INFO</severity>
  <timestamp>Mon Apr 27 13:09:08 2020</timestamp>
</msg>
<msg id="21" tool="tc">
  <type>LOAD_MODULE</type>
  <arg>c:\program files (x86)\intelswtools\inspector 2019\bin64\runtime\libittnotify.dll</arg>
  <arg>0x7ffe5c200000</arg>
  <arg>0x7ffe5c233fff</arg>
  <severity>INFO</severity>
  <timestamp>Mon Apr 27 13:09:08 2020</timestamp>
</msg>
<msg id="22" tool="tc">
  <type>LOAD_MODULE</type>
  <arg>c:\windows\system32\kernel.appcore.dll</arg>
  <arg>0x7ffe77b50000</arg>
  <arg>0x7ffe77b60fff</arg>
  <severity>INFO</severity>
  <timestamp>Mon Apr 27 13:09:09 2020</timestamp>
</msg>
<msg id="23" tool="tc">
  <type>LOAD_MODULE</type>
  <arg>c:\windows\system32\msvcrt.dll</arg>
  <arg>0x7ffe794d0000</arg>
  <arg>0x7ffe7956dfff</arg>
  <severity>INFO</severity>
  <timestamp>Mon Apr 27 13:09:09 2020</timestamp>
</msg>
<msg id="24" tool="tc">
  <type>LOAD_MODULE</type>
  <arg>c:\windows\system32\rpcrt4.dll</arg>
  <arg>0x7ffe79230000</arg>
  <arg>0x7ffe7934ffff</arg>
  <severity>INFO</severity>
  <timestamp>Mon Apr 27 13:09:09 2020</timestamp>
</msg>
<msg id="25" tool="tc">
  <type>CTSA_NO_STACK</type>
  <severity>WARNING</severity>
  <timestamp>Mon Apr 27 13:09:09 2020</timestamp>
</msg>
<msg id="26" tool="tc">
  <type>HEARTBEAT</type>
  <arg>11268,9212,10752,14216,5064,15176</arg>
  <arg>0,0,1,1,1,1</arg>
  <arg>315,3925,1165,7808,1412,34731</arg>
  <severity>INFO</severity>
  <timestamp>Mon Apr 27 13:09:09 2020</timestamp>
</msg>
<msg id="27" tool="tc">
  <type>UNSUPPORTED_MODULE</type>
  <arg>Microsoft Parallel Patterns Library</arg>
  <severity>WARNING</severity>
  <timestamp>Mon Apr 27 13:09:09 2020</timestamp>
</msg>
<msg id="28" tool="tc">
  <type>INTERNAL</type>
  <severity>ERROR</severity>
  <timestamp>Mon Apr 27 13:09:10 2020</timestamp>
</msg>
<msg id="29" tool="tc">
  <type>ABNORMAL_TERMINATE</type>
  <severity>ERROR</severity>
  <timestamp>Mon Apr 27 13:09:10 2020</timestamp>
</msg>
<msg id="30" tool="tc">
  <type>UNLOAD_MODULE</type>
  <arg>c:\users\pavel\source\repos\ips\task_for_lecture5\x64\release\task_for_lecture5.exe</arg>
  <severity>INFO</severity>
  <timestamp>Mon Apr 27 13:09:10 2020</timestamp>
</msg>
<msg id="31" tool="tc">
  <type>UNLOAD_MODULE</type>
  <arg>c:\windows\system32\kernelbase.dll</arg>
  <severity>INFO</severity>
  <timestamp>Mon Apr 27 13:09:10 2020</timestamp>
</msg>
<msg id="32" tool="tc">
  <type>UNLOAD_MODULE</type>
  <arg>c:\windows\system32\kernel32.dll</arg>
  <severity>INFO</severity>
  <timestamp>Mon Apr 27 13:09:10 2020</timestamp>
</msg>
<msg id="33" tool="tc">
  <type>UNLOAD_MODULE</type>
  <arg>c:\windows\system32\ntdll.dll</arg>
  <severity>INFO</severity>
  <timestamp>Mon Apr 27 13:09:10 2020</timestamp>
</msg>
<msg id="34" tool="tc">
  <type>UNLOAD_MODULE</type>
  <arg>c:\windows\system32\ucrtbase.dll</arg>
  <severity>INFO</severity>
  <timestamp>Mon Apr 27 13:09:10 2020</timestamp>
</msg>
<msg id="35" tool="tc">
  <type>UNLOAD_MODULE</type>
  <arg>c:\windows\system32\msvcp140.dll</arg>
  <severity>INFO</severity>
  <timestamp>Mon Apr 27 13:09:10 2020</timestamp>
</msg>
<msg id="36" tool="tc">
  <type>UNLOAD_MODULE</type>
  <arg>c:\windows\system32\vcruntime140.dll</arg>
  <severity>INFO</severity>
  <timestamp>Mon Apr 27 13:09:10 2020</timestamp>
</msg>
<msg id="37" tool="tc">
  <type>UNLOAD_MODULE</type>
  <arg>c:\program files (x86)\intelswtools\compilers_and_libraries_2019\windows\redist\intel64\compiler\cilkrts20.dll</arg>
  <severity>INFO</severity>
  <timestamp>Mon Apr 27 13:09:10 2020</timestamp>
</msg>
<msg id="38" tool="tc">
  <type>UNLOAD_MODULE</type>
  <arg>c:\windows\system32\vcruntime140_1.dll</arg>
  <severity>INFO</severity>
  <timestamp>Mon Apr 27 13:09:10 2020</timestamp>
</msg>
<msg id="39" tool="tc">
  <type>UNLOAD_MODULE</type>
  <arg>c:\windows\system32\user32.dll</arg>
  <severity>INFO</severity>
  <timestamp>Mon Apr 27 13:09:10 2020</timestamp>
</msg>
<msg id="40" tool="tc">
  <type>UNLOAD_MODULE</type>
  <arg>c:\windows\system32\win32u.dll</arg>
  <severity>INFO</severity>
  <timestamp>Mon Apr 27 13:09:10 2020</timestamp>
</msg>
<msg id="41" tool="tc">
  <type>UNLOAD_MODULE</type>
  <arg>c:\windows\system32\gdi32.dll</arg>
  <severity>INFO</severity>
  <timestamp>Mon Apr 27 13:09:10 2020</timestamp>
</msg>
<msg id="42" tool="tc">
  <type>UNLOAD_MODULE</type>
  <arg>c:\windows\system32\gdi32full.dll</arg>
  <severity>INFO</severity>
  <timestamp>Mon Apr 27 13:09:10 2020</timestamp>
</msg>
<msg id="43" tool="tc">
  <type>UNLOAD_MODULE</type>
  <arg>c:\windows\system32\msvcp_win.dll</arg>
  <severity>INFO</severity>
  <timestamp>Mon Apr 27 13:09:10 2020</timestamp>
</msg>
<msg id="44" tool="tc">
  <type>UNLOAD_MODULE</type>
  <arg>c:\windows\system32\imm32.dll</arg>
  <severity>INFO</severity>
  <timestamp>Mon Apr 27 13:09:10 2020</timestamp>
</msg>
<msg id="45" tool="tc">
  <type>UNLOAD_MODULE</type>
  <arg>c:\program files (x86)\intelswtools\inspector 2019\bin64\runtime\libittnotify.dll</arg>
  <severity>INFO</severity>
  <timestamp>Mon Apr 27 13:09:10 2020</timestamp>
</msg>
<msg id="46" tool="tc">
  <type>UNLOAD_MODULE</type>
  <arg>c:\windows\system32\kernel.appcore.dll</arg>
  <severity>INFO</severity>
  <timestamp>Mon Apr 27 13:09:10 2020</timestamp>
</msg>
<msg id="47" tool="tc">
  <type>UNLOAD_MODULE</type>
  <arg>c:\windows\system32\msvcrt.dll</arg>
  <severity>INFO</severity>
  <timestamp>Mon Apr 27 13:09:10 2020</timestamp>
</msg>
<msg id="48" tool="tc">
  <type>UNLOAD_MODULE</type>
  <arg>c:\windows\system32\rpcrt4.dll</arg>
  <severity>INFO</severity>
  <timestamp>Mon Apr 27 13:09:10 2020</timestamp>
</msg>
<msg id="49" tool="tc">
  <type>PROCESS_TERMINATE</type>
  <arg>c:\users\pavel\source\repos\ips\task_for_lecture5\x64\release\task_for_lecture5.exe</arg>
  <arg>6444</arg>
  <severity>INFO</severity>
  <timestamp>Mon Apr 27 13:09:10 2020</timestamp>
</msg>
<msg id="50" tool="tc">
  <type>ANALYSIS_COMPLETE</type>
  <severity>INFO</severity>
  <timestamp>Mon Apr 27 13:09:10 2020</timestamp>
</msg>
<msg id="51" tool="tc">
  <type>STOP</type>
  <severity>INFO</severity>
  <timestamp>Mon Apr 27 13:09:10 2020</timestamp>
</msg>
<msg id="52" tool="runtool">
  <type>app-exit-code</type>
  <arg>-1</arg>
</msg>
<msg id="53" tool="runtool">
  <type>marker-file</type>
  <arg>C:\Users\Pavel\source\repos\IPS\task_for_lecture5\My Inspector Results - task_for_lecture5\r001ti3\r001ti3.inspxe</arg>
</msg>
<msg id="54" tool="runtool">
  <type>collector-done</type>
</msg>
<msg id="55" tool="runtool">
  <type>log-end</type>
  <arg>2020/04/27 13:09:13</arg>
</msg>

</log>

