<?xml version="1.0" encoding="utf-8"?>
<log version="1.0" tool="runtool">

<msg id="1" tool="runtool">
  <type>log-start</type>
  <arg>2020/04/27 13:18:25</arg>
</msg>
<msg id="2" tool="runtool">
  <type>collector-starts</type>
</msg>
<msg id="3" tool="runtool">
  <type>marker-file</type>
  <arg>C:\Users\Pavel\source\repos\IPS\task_for_lecture5\My Inspector Results - task_for_lecture5\r003mi1\r003mi1.inspxe</arg>
</msg>
<msg id="4" tool="mc">
  <type>EXEC_OF_INTEREST</type>
  <arg>c:\users\pavel\source\repos\ips\task_for_lecture5\x64\release\task_for_lecture5.exe</arg>
  <arg>3080</arg>
  <severity>INFO</severity>
  <timestamp>Mon Apr 27 13:18:25 2020</timestamp>
</msg>
<msg id="5" tool="mc">
  <type>MODULE_LOAD</type>
  <arg>c:\users\pavel\source\repos\ips\task_for_lecture5\x64\release\task_for_lecture5.exe</arg>
  <arg>0x7ff67d230000</arg>
  <arg>0x7ff67d240fff</arg>
  <severity>INFO</severity>
  <timestamp>Mon Apr 27 13:18:25 2020</timestamp>
</msg>
<msg id="6" tool="mc">
  <type>MODULE_LOAD_NO_ANALYSIS</type>
  <arg>c:\windows\system32\kernelbase.dll</arg>
  <arg>0x7ffe78610000</arg>
  <arg>0x7ffe788b2fff</arg>
  <severity>INFO</severity>
  <timestamp>Mon Apr 27 13:18:25 2020</timestamp>
</msg>
<msg id="7" tool="mc">
  <type>MODULE_LOAD_NO_ANALYSIS</type>
  <arg>c:\windows\system32\kernel32.dll</arg>
  <arg>0x7ffe7aa10000</arg>
  <arg>0x7ffe7aac1fff</arg>
  <severity>INFO</severity>
  <timestamp>Mon Apr 27 13:18:26 2020</timestamp>
</msg>
<msg id="8" tool="mc">
  <type>MODULE_LOAD_NO_ANALYSIS</type>
  <arg>c:\windows\system32\ntdll.dll</arg>
  <arg>0x7ffe7ac60000</arg>
  <arg>0x7ffe7ae4ffff</arg>
  <severity>INFO</severity>
  <timestamp>Mon Apr 27 13:18:26 2020</timestamp>
</msg>
<msg id="9" tool="mc">
  <type>MODULE_LOAD</type>
  <arg>c:\program files (x86)\intelswtools\inspector 2019\bin64\dnclrprofinfo.dll</arg>
  <arg>0x7ffe5c0a0000</arg>
  <arg>0x7ffe5c0c8fff</arg>
  <severity>INFO</severity>
  <timestamp>Mon Apr 27 13:18:26 2020</timestamp>
</msg>
<msg id="10" tool="mc">
  <type>MODULE_LOAD</type>
  <arg>c:\windows\system32\ucrtbase.dll</arg>
  <arg>0x1b488b00000</arg>
  <arg>0x1b488bf9fff</arg>
  <severity>INFO</severity>
  <timestamp>Mon Apr 27 13:18:26 2020</timestamp>
</msg>
<msg id="11" tool="mc">
  <type>MODULE_LOAD</type>
  <arg>c:\windows\system32\msvcp140.dll</arg>
  <arg>0x7ffe4d430000</arg>
  <arg>0x7ffe4d4c0fff</arg>
  <severity>INFO</severity>
  <timestamp>Mon Apr 27 13:18:26 2020</timestamp>
</msg>
<msg id="12" tool="mc">
  <type>MODULE_LOAD_NO_ANALYSIS</type>
  <arg>c:\program files (x86)\intelswtools\compilers_and_libraries_2019\windows\redist\intel64\compiler\cilkrts20.dll</arg>
  <arg>0x7ffe47fb0000</arg>
  <arg>0x7ffe48002fff</arg>
  <severity>INFO</severity>
  <timestamp>Mon Apr 27 13:18:26 2020</timestamp>
</msg>
<msg id="13" tool="mc">
  <type>MODULE_LOAD_NO_ANALYSIS</type>
  <arg>c:\windows\system32\user32.dll</arg>
  <arg>0x7ffe79090000</arg>
  <arg>0x7ffe79223fff</arg>
  <severity>INFO</severity>
  <timestamp>Mon Apr 27 13:18:26 2020</timestamp>
</msg>
<msg id="14" tool="mc">
  <type>MODULE_LOAD</type>
  <arg>c:\windows\system32\win32u.dll</arg>
  <arg>0x7ffe78b10000</arg>
  <arg>0x7ffe78b30fff</arg>
  <severity>INFO</severity>
  <timestamp>Mon Apr 27 13:18:26 2020</timestamp>
</msg>
<msg id="15" tool="mc">
  <type>MODULE_LOAD_NO_ANALYSIS</type>
  <arg>c:\windows\system32\gdi32.dll</arg>
  <arg>0x7ffe7a420000</arg>
  <arg>0x7ffe7a445fff</arg>
  <severity>INFO</severity>
  <timestamp>Mon Apr 27 13:18:26 2020</timestamp>
</msg>
<msg id="16" tool="mc">
  <type>MODULE_LOAD_NO_ANALYSIS</type>
  <arg>c:\windows\system32\gdi32full.dll</arg>
  <arg>0x7ffe78b40000</arg>
  <arg>0x7ffe78cd3fff</arg>
  <severity>INFO</severity>
  <timestamp>Mon Apr 27 13:18:26 2020</timestamp>
</msg>
<msg id="17" tool="mc">
  <type>MODULE_LOAD</type>
  <arg>c:\windows\system32\msvcp_win.dll</arg>
  <arg>0x7ffe78a70000</arg>
  <arg>0x7ffe78b0dfff</arg>
  <severity>INFO</severity>
  <timestamp>Mon Apr 27 13:18:27 2020</timestamp>
</msg>
<msg id="18" tool="mc">
  <type>MODULE_LOAD</type>
  <arg>c:\windows\system32\vcruntime140.dll</arg>
  <arg>0x7ffe64b50000</arg>
  <arg>0x7ffe64b68fff</arg>
  <severity>INFO</severity>
  <timestamp>Mon Apr 27 13:18:27 2020</timestamp>
</msg>
<msg id="19" tool="mc">
  <type>MODULE_LOAD</type>
  <arg>c:\windows\system32\vcruntime140_1.dll</arg>
  <arg>0x7ffe72180000</arg>
  <arg>0x7ffe7218bfff</arg>
  <severity>INFO</severity>
  <timestamp>Mon Apr 27 13:18:27 2020</timestamp>
</msg>
<msg id="20" tool="mc">
  <type>MODULE_LOAD_NO_ANALYSIS</type>
  <arg>c:\windows\system32\imm32.dll</arg>
  <arg>0x7ffe79490000</arg>
  <arg>0x7ffe794bdfff</arg>
  <severity>INFO</severity>
  <timestamp>Mon Apr 27 13:18:27 2020</timestamp>
</msg>
<msg id="21" tool="mc">
  <type>MODULE_LOAD_NO_ANALYSIS</type>
  <arg>c:\program files (x86)\intelswtools\inspector 2019\bin64\runtime\libittnotify.dll</arg>
  <arg>0x7ffe51b70000</arg>
  <arg>0x7ffe51ba3fff</arg>
  <severity>INFO</severity>
  <timestamp>Mon Apr 27 13:18:27 2020</timestamp>
</msg>
<msg id="22" tool="mc">
  <type>MODULE_LOAD</type>
  <arg>c:\windows\system32\kernel.appcore.dll</arg>
  <arg>0x7ffe77b50000</arg>
  <arg>0x7ffe77b60fff</arg>
  <severity>INFO</severity>
  <timestamp>Mon Apr 27 13:18:27 2020</timestamp>
</msg>
<msg id="23" tool="mc">
  <type>MODULE_LOAD_NO_ANALYSIS</type>
  <arg>c:\windows\system32\msvcrt.dll</arg>
  <arg>0x7ffe794d0000</arg>
  <arg>0x7ffe7956dfff</arg>
  <severity>INFO</severity>
  <timestamp>Mon Apr 27 13:18:27 2020</timestamp>
</msg>
<msg id="24" tool="mc">
  <type>MODULE_LOAD_NO_ANALYSIS</type>
  <arg>c:\windows\system32\rpcrt4.dll</arg>
  <arg>0x1b485aa0000</arg>
  <arg>0x1b485bbffff</arg>
  <severity>INFO</severity>
  <timestamp>Mon Apr 27 13:18:27 2020</timestamp>
</msg>
<msg id="25" tool="mc">
  <type>PROCESS_COMPLETE</type>
  <arg>c:\users\pavel\source\repos\ips\task_for_lecture5\x64\release\task_for_lecture5.exe</arg>
  <arg>0</arg>
  <severity>INFO</severity>
  <timestamp>Mon Apr 27 13:18:27 2020</timestamp>
</msg>
<msg id="26" tool="mc">
  <type>ANALYSIS_COMPLETE</type>
  <arg>c:\users\pavel\source\repos\ips\task_for_lecture5\x64\release\task_for_lecture5.exe</arg>
  <severity>INFO</severity>
  <timestamp>Mon Apr 27 13:18:27 2020</timestamp>
</msg>
<msg id="27" tool="runtool">
  <type>app-exit-code</type>
  <arg>0</arg>
</msg>
<msg id="28" tool="runtool">
  <type>marker-file</type>
  <arg>C:\Users\Pavel\source\repos\IPS\task_for_lecture5\My Inspector Results - task_for_lecture5\r003mi1\r003mi1.inspxe</arg>
</msg>
<msg id="29" tool="runtool">
  <type>collector-done</type>
</msg>
<msg id="30" tool="runtool">
  <type>log-end</type>
  <arg>2020/04/27 13:18:31</arg>
</msg>

</log>

