<?xml version="1.0" encoding="UTF-8"?>
<feedback>
 <message severity="info">Analysis started...</message>
 <nop/>
 <message severity="info">Result file: C:\Users\Pavel\source\repos\IPS\task_for_lecture5\My Inspector Results - task_for_lecture5\r003mi1\r003mi1.inspxe </message>
 <nop/>
 <message severity="info">Analysis started for c:\users\pavel\source\repos\ips\task_for_lecture5\x64\release\task_for_lecture5.exe (pid = 3080) </message>
 <nop/>
 <message severity="info">Loaded module: c:\users\pavel\source\repos\ips\task_for_lecture5\x64\release\task_for_lecture5.exe, address range [0x7ff67d230000-0x7ff67d240fff] </message>
 <nop/>
 <message severity="info">Loaded module: c:\windows\system32\kernelbase.dll, address range [0x7ffe78610000-0x7ffe788b2fff], minimal analysis </message>
 <nop/>
 <message severity="info">Loaded module: c:\windows\system32\kernel32.dll, address range [0x7ffe7aa10000-0x7ffe7aac1fff], minimal analysis </message>
 <nop/>
 <message severity="info">Loaded module: c:\windows\system32\ntdll.dll, address range [0x7ffe7ac60000-0x7ffe7ae4ffff], minimal analysis </message>
 <nop/>
 <message severity="info">Loaded module: c:\program files (x86)\intelswtools\inspector 2019\bin64\dnclrprofinfo.dll, address range [0x7ffe5c0a0000-0x7ffe5c0c8fff] </message>
 <nop/>
 <message severity="info">Loaded module: c:\windows\system32\ucrtbase.dll, address range [0x1b488b00000-0x1b488bf9fff] </message>
 <nop/>
 <message severity="info">Loaded module: c:\windows\system32\msvcp140.dll, address range [0x7ffe4d430000-0x7ffe4d4c0fff] </message>
 <nop/>
 <message severity="info">Loaded module: c:\program files (x86)\intelswtools\compilers_and_libraries_2019\windows\redist\intel64\compiler\cilkrts20.dll, address range [0x7ffe47fb0000-0x7ffe48002fff], minimal analysis </message>
 <nop/>
 <message severity="info">Loaded module: c:\windows\system32\user32.dll, address range [0x7ffe79090000-0x7ffe79223fff], minimal analysis </message>
 <nop/>
 <message severity="info">Loaded module: c:\windows\system32\win32u.dll, address range [0x7ffe78b10000-0x7ffe78b30fff] </message>
 <nop/>
 <message severity="info">Loaded module: c:\windows\system32\gdi32.dll, address range [0x7ffe7a420000-0x7ffe7a445fff], minimal analysis </message>
 <nop/>
 <message severity="info">Loaded module: c:\windows\system32\gdi32full.dll, address range [0x7ffe78b40000-0x7ffe78cd3fff], minimal analysis </message>
 <nop/>
 <message severity="info">Loaded module: c:\windows\system32\msvcp_win.dll, address range [0x7ffe78a70000-0x7ffe78b0dfff] </message>
 <nop/>
 <message severity="info">Loaded module: c:\windows\system32\vcruntime140.dll, address range [0x7ffe64b50000-0x7ffe64b68fff] </message>
 <nop/>
 <message severity="info">Loaded module: c:\windows\system32\vcruntime140_1.dll, address range [0x7ffe72180000-0x7ffe7218bfff] </message>
 <nop/>
 <message severity="info">Loaded module: c:\windows\system32\imm32.dll, address range [0x7ffe79490000-0x7ffe794bdfff], minimal analysis </message>
 <nop/>
 <message severity="info">Loaded module: c:\program files (x86)\intelswtools\inspector 2019\bin64\runtime\libittnotify.dll, address range [0x7ffe51b70000-0x7ffe51ba3fff], minimal analysis </message>
 <nop/>
 <message severity="info">Loaded module: c:\windows\system32\kernel.appcore.dll, address range [0x7ffe77b50000-0x7ffe77b60fff] </message>
 <nop/>
 <message severity="info">Loaded module: c:\windows\system32\msvcrt.dll, address range [0x7ffe794d0000-0x7ffe7956dfff], minimal analysis </message>
 <nop/>
 <message severity="info">Loaded module: c:\windows\system32\rpcrt4.dll, address range [0x1b485aa0000-0x1b485bbffff], minimal analysis </message>
 <nop/>
 <message severity="info">Process c:\users\pavel\source\repos\ips\task_for_lecture5\x64\release\task_for_lecture5.exe exited with code 0. Leak analysis starting. Please wait... </message>
 <nop/>
 <message severity="info">Completed analysis for c:\users\pavel\source\repos\ips\task_for_lecture5\x64\release\task_for_lecture5.exe </message>
 <nop/>
 <message severity="info">Application exit code: 0 </message>
 <nop/>
 <message severity="info">Result file: C:\Users\Pavel\source\repos\IPS\task_for_lecture5\My Inspector Results - task_for_lecture5\r003mi1\r003mi1.inspxe </message>
 <nop/>
 <message severity="info">Analysis completed</message>
 <nop/>
</feedback>
